0 info it worked if it ends with ok
1 verbose cli [ '/usr/bin/nodejs', '/usr/bin/npm', 'install', '--save' ]
2 info using npm@2.15.11
3 info using node@v4.7.2
4 verbose readDependencies loading dependencies from /home/pooja/work/patm-with-nodejs/package.json
5 error install Couldn't read dependencies
6 verbose stack Error: Failed to parse json
6 verbose stack No data, empty input at 1:1
6 verbose stack
6 verbose stack ^
6 verbose stack     at parseError (/usr/lib/node_modules/npm/node_modules/read-package-json/read-json.js:390:11)
6 verbose stack     at parseJson (/usr/lib/node_modules/npm/node_modules/read-package-json/read-json.js:79:23)
6 verbose stack     at /usr/lib/node_modules/npm/node_modules/read-package-json/read-json.js:48:5
6 verbose stack     at /usr/lib/node_modules/npm/node_modules/graceful-fs/graceful-fs.js:78:16
6 verbose stack     at FSReqWrap.readFileAfterClose [as oncomplete] (fs.js:380:3)
7 verbose cwd /home/pooja/work/patm-with-nodejs
8 error Linux 3.19.0-25-generic
9 error argv "/usr/bin/nodejs" "/usr/bin/npm" "install" "--save"
10 error node v4.7.2
11 error npm  v2.15.11
12 error file /home/pooja/work/patm-with-nodejs/package.json
13 error code EJSONPARSE
14 error Failed to parse json
14 error No data, empty input at 1:1
14 error
14 error ^
15 error File: /home/pooja/work/patm-with-nodejs/package.json
16 error Failed to parse package.json data.
16 error package.json must be actual JSON, not just JavaScript.
16 error
16 error This is not a bug in npm.
16 error Tell the package author to fix their package.json file. JSON.parse
17 verbose exit [ 1, true ]
